

Started GET "/assets/rails.png" for 127.0.0.1 at 2013-03-09 17:42:02 -0500
Connecting to database specified by database.yml

ActiveRecord::ConnectionNotEstablished (ActiveRecord::ConnectionNotEstablished):
  activerecord (3.2.8) lib/active_record/connection_adapters/abstract/connection_pool.rb:404:in `retrieve_connection'
  activerecord (3.2.8) lib/active_record/connection_adapters/abstract/connection_specification.rb:170:in `retrieve_connection'
  activerecord (3.2.8) lib/active_record/connection_adapters/abstract/connection_specification.rb:144:in `connection'
  activerecord (3.2.8) lib/active_record/query_cache.rb:67:in `rescue in call'
  activerecord (3.2.8) lib/active_record/query_cache.rb:61:in `call'
  activerecord (3.2.8) lib/active_record/connection_adapters/abstract/connection_pool.rb:473:in `call'
  actionpack (3.2.8) lib/action_dispatch/middleware/callbacks.rb:28:in `block in call'
  activesupport (3.2.8) lib/active_support/callbacks.rb:405:in `_run__2718149890095174052__call__1032655368249273030__callbacks'
  activesupport (3.2.8) lib/active_support/callbacks.rb:405:in `__run_callback'
  activesupport (3.2.8) lib/active_support/callbacks.rb:385:in `_run_call_callbacks'
  activesupport (3.2.8) lib/active_support/callbacks.rb:81:in `run_callbacks'
  actionpack (3.2.8) lib/action_dispatch/middleware/callbacks.rb:27:in `call'
  actionpack (3.2.8) lib/action_dispatch/middleware/reloader.rb:65:in `call'
  actionpack (3.2.8) lib/action_dispatch/middleware/remote_ip.rb:31:in `call'
  actionpack (3.2.8) lib/action_dispatch/middleware/debug_exceptions.rb:16:in `call'
  actionpack (3.2.8) lib/action_dispatch/middleware/show_exceptions.rb:56:in `call'
  railties (3.2.8) lib/rails/rack/logger.rb:26:in `call_app'
  railties (3.2.8) lib/rails/rack/logger.rb:16:in `call'
  actionpack (3.2.8) lib/action_dispatch/middleware/request_id.rb:22:in `call'
  rack (1.4.5) lib/rack/methodoverride.rb:21:in `call'
  rack (1.4.5) lib/rack/runtime.rb:17:in `call'
  activesupport (3.2.8) lib/active_support/cache/strategy/local_cache.rb:72:in `call'
  rack (1.4.5) lib/rack/lock.rb:15:in `call'
  actionpack (3.2.8) lib/action_dispatch/middleware/static.rb:62:in `call'
  railties (3.2.8) lib/rails/engine.rb:479:in `call'
  railties (3.2.8) lib/rails/application.rb:223:in `call'
  rack (1.4.5) lib/rack/content_length.rb:14:in `call'
  railties (3.2.8) lib/rails/rack/log_tailer.rb:17:in `call'
  rack (1.4.5) lib/rack/handler/webrick.rb:59:in `service'
  /usr/local/rvm/rubies/ruby-1.9.3-p194/lib/ruby/1.9.1/webrick/httpserver.rb:138:in `service'
  /usr/local/rvm/rubies/ruby-1.9.3-p194/lib/ruby/1.9.1/webrick/httpserver.rb:94:in `run'
  /usr/local/rvm/rubies/ruby-1.9.3-p194/lib/ruby/1.9.1/webrick/server.rb:191:in `block in start_thread'


  Rendered /usr/local/rvm/gems/ruby-1.9.3-p194/gems/actionpack-3.2.8/lib/action_dispatch/middleware/templates/rescues/_trace.erb (1.9ms)
  Rendered /usr/local/rvm/gems/ruby-1.9.3-p194/gems/actionpack-3.2.8/lib/action_dispatch/middleware/templates/rescues/_request_and_response.erb (8.0ms)
  Rendered /usr/local/rvm/gems/ruby-1.9.3-p194/gems/actionpack-3.2.8/lib/action_dispatch/middleware/templates/rescues/diagnostics.erb within rescues/layout (54.5ms)


Started GET "/assets/rails.png" for 127.0.0.1 at 2013-03-11 11:08:44 -0400
Connecting to database specified by database.yml
Served asset /rails.png - 200 OK (15ms)
Connecting to database specified by database.yml


Started GET "/assets/rails.png" for 127.0.0.1 at 2013-03-11 11:45:47 -0400
Connecting to database specified by database.yml
Served asset /rails.png - 304 Not Modified (21ms)


Started GET "/users" for 127.0.0.1 at 2013-03-11 11:47:54 -0400
Processing by UsersController#index as HTML
Completed 500 Internal Server Error in 98ms

ActiveRecord::StatementInvalid (Could not find table 'users'):
  app/controllers/users_controller.rb:5:in `index'


  Rendered /usr/local/rvm/gems/ruby-1.9.3-p194/gems/actionpack-3.2.8/lib/action_dispatch/middleware/templates/rescues/_trace.erb (2.2ms)
  Rendered /usr/local/rvm/gems/ruby-1.9.3-p194/gems/actionpack-3.2.8/lib/action_dispatch/middleware/templates/rescues/_request_and_response.erb (1.5ms)
  Rendered /usr/local/rvm/gems/ruby-1.9.3-p194/gems/actionpack-3.2.8/lib/action_dispatch/middleware/templates/rescues/diagnostics.erb within rescues/layout (18.6ms)
Connecting to database specified by database.yml
  [1m[36m (0.2ms)[0m  [1mselect sqlite_version(*)[0m
  [1m[35m (9.3ms)[0m  CREATE TABLE "schema_migrations" ("version" varchar(255) NOT NULL) 
  [1m[36m (0.1ms)[0m  [1mPRAGMA index_list("schema_migrations")[0m
  [1m[35m (1.3ms)[0m  CREATE UNIQUE INDEX "unique_schema_migrations" ON "schema_migrations" ("version")
  [1m[36m (0.1ms)[0m  [1mSELECT "schema_migrations"."version" FROM "schema_migrations" [0m
Migrating to CreateUsers (20130311154415)
  [1m[35m (0.0ms)[0m  begin transaction
  [1m[36m (0.5ms)[0m  [1mCREATE TABLE "users" ("id" INTEGER PRIMARY KEY AUTOINCREMENT NOT NULL, "email" varchar(255), "created_at" datetime NOT NULL, "updated_at" datetime NOT NULL) [0m
  [1m[35m (0.1ms)[0m  INSERT INTO "schema_migrations" ("version") VALUES ('20130311154415')
  [1m[36m (1.7ms)[0m  [1mcommit transaction[0m
  [1m[35m (0.3ms)[0m  select sqlite_version(*)
  [1m[36m (0.1ms)[0m  [1mSELECT "schema_migrations"."version" FROM "schema_migrations" [0m
  [1m[35m (0.0ms)[0m  PRAGMA index_list("users")


Started GET "/assets/rails.png" for 127.0.0.1 at 2013-03-11 11:48:47 -0400
Connecting to database specified by database.yml
Served asset /rails.png - 304 Not Modified (3ms)


Started GET "/users" for 127.0.0.1 at 2013-03-11 11:48:54 -0400
Processing by UsersController#index as HTML
  [1m[36mUser Load (0.1ms)[0m  [1mSELECT "users".* FROM "users" [0m
  Rendered users/index.html.erb within layouts/application (4.2ms)
Compiled scaffolds.css  (39ms)  (pid 3040)
Compiled use_rs.css  (2ms)  (pid 3040)
Compiled application.css  (66ms)  (pid 3040)
Compiled jquery.js  (3ms)  (pid 3040)
Compiled jquery_ujs.js  (0ms)  (pid 3040)
Compiled use_rs.js  (203ms)  (pid 3040)
Compiled application.js  (274ms)  (pid 3040)
Completed 200 OK in 577ms (Views: 549.1ms | ActiveRecord: 2.9ms)


Started GET "/assets/application.css?body=1" for 127.0.0.1 at 2013-03-11 11:48:55 -0400
Served asset /application.css - 200 OK (16ms)


Started GET "/assets/jquery_ujs.js?body=1" for 127.0.0.1 at 2013-03-11 11:48:55 -0400
Served asset /jquery_ujs.js - 200 OK (3ms)


Started GET "/assets/use_rs.css?body=1" for 127.0.0.1 at 2013-03-11 11:48:55 -0400
Served asset /use_rs.css - 200 OK (2ms)


Started GET "/assets/jquery.js?body=1" for 127.0.0.1 at 2013-03-11 11:48:55 -0400
Served asset /jquery.js - 200 OK (3ms)


Started GET "/assets/scaffolds.css?body=1" for 127.0.0.1 at 2013-03-11 11:48:55 -0400
Served asset /scaffolds.css - 200 OK (3ms)


Started GET "/assets/use_rs.js?body=1" for 127.0.0.1 at 2013-03-11 11:48:55 -0400
Served asset /use_rs.js - 200 OK (2ms)


Started GET "/assets/application.js?body=1" for 127.0.0.1 at 2013-03-11 11:48:55 -0400
Served asset /application.js - 200 OK (47ms)


Started GET "/user" for 127.0.0.1 at 2013-03-11 11:49:10 -0400

ActionController::RoutingError (No route matches [GET] "/user"):
  actionpack (3.2.8) lib/action_dispatch/middleware/debug_exceptions.rb:21:in `call'
  actionpack (3.2.8) lib/action_dispatch/middleware/show_exceptions.rb:56:in `call'
  railties (3.2.8) lib/rails/rack/logger.rb:26:in `call_app'
  railties (3.2.8) lib/rails/rack/logger.rb:16:in `call'
  actionpack (3.2.8) lib/action_dispatch/middleware/request_id.rb:22:in `call'
  rack (1.4.5) lib/rack/methodoverride.rb:21:in `call'
  rack (1.4.5) lib/rack/runtime.rb:17:in `call'
  activesupport (3.2.8) lib/active_support/cache/strategy/local_cache.rb:72:in `call'
  rack (1.4.5) lib/rack/lock.rb:15:in `call'
  actionpack (3.2.8) lib/action_dispatch/middleware/static.rb:62:in `call'
  railties (3.2.8) lib/rails/engine.rb:479:in `call'
  railties (3.2.8) lib/rails/application.rb:223:in `call'
  rack (1.4.5) lib/rack/content_length.rb:14:in `call'
  railties (3.2.8) lib/rails/rack/log_tailer.rb:17:in `call'
  rack (1.4.5) lib/rack/handler/webrick.rb:59:in `service'
  /usr/local/rvm/rubies/ruby-1.9.3-p194/lib/ruby/1.9.1/webrick/httpserver.rb:138:in `service'
  /usr/local/rvm/rubies/ruby-1.9.3-p194/lib/ruby/1.9.1/webrick/httpserver.rb:94:in `run'
  /usr/local/rvm/rubies/ruby-1.9.3-p194/lib/ruby/1.9.1/webrick/server.rb:191:in `block in start_thread'


  Rendered /usr/local/rvm/gems/ruby-1.9.3-p194/gems/actionpack-3.2.8/lib/action_dispatch/middleware/templates/rescues/routing_error.erb within rescues/layout (1.1ms)


Started GET "/users" for 127.0.0.1 at 2013-03-11 11:49:12 -0400
Processing by UsersController#index as HTML
  [1m[35mUser Load (0.3ms)[0m  SELECT "users".* FROM "users" 
  Rendered users/index.html.erb within layouts/application (0.8ms)
Completed 200 OK in 12ms (Views: 10.3ms | ActiveRecord: 0.3ms)


Started GET "/users/new" for 127.0.0.1 at 2013-03-11 11:49:18 -0400
Processing by UsersController#new as HTML
  Rendered users/_form.html.erb (39.6ms)
  Rendered users/new.html.erb within layouts/application (63.9ms)
Completed 200 OK in 80ms (Views: 71.4ms | ActiveRecord: 0.0ms)


Started POST "/users" for 127.0.0.1 at 2013-03-11 11:49:27 -0400
Processing by UsersController#create as HTML
  Parameters: {"utf8"=>"✓", "authenticity_token"=>"H8JGL/tj+qn+fMandqvC3A5KNfne6X73+RJMgbVbgLg=", "user"=>{"email"=>"awaxman11@gmail.com"}, "commit"=>"Create User"}
  [1m[36m (0.1ms)[0m  [1mbegin transaction[0m
  [1m[35mSQL (83.5ms)[0m  INSERT INTO "users" ("created_at", "email", "updated_at") VALUES (?, ?, ?)  [["created_at", Mon, 11 Mar 2013 15:49:27 UTC +00:00], ["email", "awaxman11@gmail.com"], ["updated_at", Mon, 11 Mar 2013 15:49:27 UTC +00:00]]
  [1m[36m (1.2ms)[0m  [1mcommit transaction[0m
Redirected to http://localhost:3000/users/1
Completed 302 Found in 92ms (ActiveRecord: 84.8ms)


Started GET "/users/1" for 127.0.0.1 at 2013-03-11 11:49:27 -0400
Processing by UsersController#show as HTML
  Parameters: {"id"=>"1"}
  [1m[35mUser Load (0.5ms)[0m  SELECT "users".* FROM "users" WHERE "users"."id" = ? LIMIT 1  [["id", "1"]]
  Rendered users/show.html.erb within layouts/application (2.3ms)
Completed 200 OK in 13ms (Views: 9.2ms | ActiveRecord: 0.5ms)


Started GET "/assets/scaffolds.css?body=1" for 127.0.0.1 at 2013-03-11 11:49:27 -0400
Served asset /scaffolds.css - 304 Not Modified (0ms)


Started GET "/assets/use_rs.css?body=1" for 127.0.0.1 at 2013-03-11 11:49:27 -0400
Served asset /use_rs.css - 304 Not Modified (0ms)


Started GET "/assets/use_rs.js?body=1" for 127.0.0.1 at 2013-03-11 11:49:27 -0400
Served asset /use_rs.js - 304 Not Modified (0ms)


Started GET "/users/1/edit" for 127.0.0.1 at 2013-03-11 11:49:31 -0400
Processing by UsersController#edit as HTML
  Parameters: {"id"=>"1"}
  [1m[36mUser Load (0.2ms)[0m  [1mSELECT "users".* FROM "users" WHERE "users"."id" = ? LIMIT 1[0m  [["id", "1"]]
  Rendered users/_form.html.erb (3.4ms)
  Rendered users/edit.html.erb within layouts/application (5.8ms)
Completed 200 OK in 15ms (Views: 13.2ms | ActiveRecord: 0.2ms)


Started GET "/assets/scaffolds.css?body=1" for 127.0.0.1 at 2013-03-11 11:49:31 -0400
Served asset /scaffolds.css - 304 Not Modified (0ms)


Started GET "/assets/use_rs.css?body=1" for 127.0.0.1 at 2013-03-11 11:49:31 -0400
Served asset /use_rs.css - 304 Not Modified (0ms)


Started GET "/assets/use_rs.js?body=1" for 127.0.0.1 at 2013-03-11 11:49:31 -0400
Served asset /use_rs.js - 304 Not Modified (0ms)


Started GET "/users/1" for 127.0.0.1 at 2013-03-11 11:49:33 -0400
Processing by UsersController#show as HTML
  Parameters: {"id"=>"1"}
  [1m[35mUser Load (0.2ms)[0m  SELECT "users".* FROM "users" WHERE "users"."id" = ? LIMIT 1  [["id", "1"]]
  Rendered users/show.html.erb within layouts/application (0.8ms)
Completed 200 OK in 10ms (Views: 8.2ms | ActiveRecord: 0.2ms)


Started GET "/assets/scaffolds.css?body=1" for 127.0.0.1 at 2013-03-11 11:49:33 -0400
Served asset /scaffolds.css - 304 Not Modified (0ms)


Started GET "/assets/use_rs.js?body=1" for 127.0.0.1 at 2013-03-11 11:49:33 -0400
Served asset /use_rs.js - 304 Not Modified (0ms)


Started GET "/assets/use_rs.css?body=1" for 127.0.0.1 at 2013-03-11 11:49:33 -0400
Served asset /use_rs.css - 304 Not Modified (0ms)


Started GET "/users" for 127.0.0.1 at 2013-03-11 11:50:05 -0400
Processing by UsersController#index as HTML
  [1m[36mUser Load (0.2ms)[0m  [1mSELECT "users".* FROM "users" [0m
  Rendered users/index.html.erb within layouts/application (1.7ms)
Completed 200 OK in 10ms (Views: 8.4ms | ActiveRecord: 0.2ms)


Started GET "/assets/scaffolds.css?body=1" for 127.0.0.1 at 2013-03-11 11:50:05 -0400
Served asset /scaffolds.css - 304 Not Modified (0ms)


Started GET "/assets/use_rs.css?body=1" for 127.0.0.1 at 2013-03-11 11:50:05 -0400
Served asset /use_rs.css - 304 Not Modified (0ms)


Started GET "/assets/use_rs.js?body=1" for 127.0.0.1 at 2013-03-11 11:50:05 -0400
Served asset /use_rs.js - 304 Not Modified (0ms)


Started GET "/users/new" for 127.0.0.1 at 2013-03-11 11:50:06 -0400
Processing by UsersController#new as HTML
  Rendered users/_form.html.erb (2.3ms)
  Rendered users/new.html.erb within layouts/application (3.5ms)
Completed 200 OK in 10ms (Views: 9.8ms | ActiveRecord: 0.0ms)


Started GET "/assets/use_rs.js?body=1" for 127.0.0.1 at 2013-03-11 11:50:06 -0400
Served asset /use_rs.js - 304 Not Modified (0ms)


Started GET "/assets/use_rs.css?body=1" for 127.0.0.1 at 2013-03-11 11:50:06 -0400
Served asset /use_rs.css - 304 Not Modified (0ms)


Started GET "/assets/scaffolds.css?body=1" for 127.0.0.1 at 2013-03-11 11:50:06 -0400
Served asset /scaffolds.css - 304 Not Modified (0ms)


Started POST "/users" for 127.0.0.1 at 2013-03-11 11:50:12 -0400
Processing by UsersController#create as HTML
  Parameters: {"utf8"=>"✓", "authenticity_token"=>"H8JGL/tj+qn+fMandqvC3A5KNfne6X73+RJMgbVbgLg=", "user"=>{"email"=>"adam@flockhq.com"}, "commit"=>"Create User"}
  [1m[35m (0.1ms)[0m  begin transaction
  [1m[36mSQL (0.7ms)[0m  [1mINSERT INTO "users" ("created_at", "email", "updated_at") VALUES (?, ?, ?)[0m  [["created_at", Mon, 11 Mar 2013 15:50:12 UTC +00:00], ["email", "adam@flockhq.com"], ["updated_at", Mon, 11 Mar 2013 15:50:12 UTC +00:00]]
  [1m[35m (1.0ms)[0m  commit transaction
Redirected to http://localhost:3000/users/2
Completed 302 Found in 5ms (ActiveRecord: 1.9ms)


Started GET "/users/2" for 127.0.0.1 at 2013-03-11 11:50:12 -0400
Processing by UsersController#show as HTML
  Parameters: {"id"=>"2"}
  [1m[36mUser Load (0.2ms)[0m  [1mSELECT "users".* FROM "users" WHERE "users"."id" = ? LIMIT 1[0m  [["id", "2"]]
  Rendered users/show.html.erb within layouts/application (0.9ms)
Completed 200 OK in 10ms (Views: 8.5ms | ActiveRecord: 0.2ms)


Started GET "/assets/scaffolds.css?body=1" for 127.0.0.1 at 2013-03-11 11:50:12 -0400
Served asset /scaffolds.css - 304 Not Modified (0ms)


Started GET "/assets/use_rs.css?body=1" for 127.0.0.1 at 2013-03-11 11:50:12 -0400
Served asset /use_rs.css - 304 Not Modified (0ms)


Started GET "/assets/use_rs.js?body=1" for 127.0.0.1 at 2013-03-11 11:50:12 -0400
Served asset /use_rs.js - 304 Not Modified (0ms)


Started GET "/users" for 127.0.0.1 at 2013-03-11 11:51:19 -0400
Processing by UsersController#index as HTML
  [1m[35mUser Load (0.3ms)[0m  SELECT "users".* FROM "users" 
  Rendered users/index.html.erb within layouts/application (50.9ms)
Completed 200 OK in 60ms (Views: 58.4ms | ActiveRecord: 0.3ms)


Started GET "/assets/scaffolds.css?body=1" for 127.0.0.1 at 2013-03-11 11:51:19 -0400
Served asset /scaffolds.css - 304 Not Modified (0ms)


Started GET "/assets/use_rs.css?body=1" for 127.0.0.1 at 2013-03-11 11:51:19 -0400
Served asset /use_rs.css - 304 Not Modified (0ms)


Started GET "/assets/use_rs.js?body=1" for 127.0.0.1 at 2013-03-11 11:51:19 -0400
Served asset /use_rs.js - 304 Not Modified (0ms)


Started GET "/assets/rails.png" for 127.0.0.1 at 2013-03-19 10:52:14 -0400
Connecting to database specified by database.yml
Served asset /rails.png - 200 OK (38ms)


Started GET "/assets/rails.png" for 127.0.0.1 at 2013-03-19 11:09:32 -0400
Served asset /rails.png - 200 OK (0ms)


Started GET "/assets/rails.png" for 127.0.0.1 at 2013-03-19 11:09:50 -0400
Served asset /rails.png - 304 Not Modified (0ms)


Started GET "/assets/rails.png" for 127.0.0.1 at 2013-03-19 11:51:57 -0400
Connecting to database specified by database.yml
Served asset /rails.png - 200 OK (5ms)
