Compiled jquery.js  (38ms)  (pid 2359)
Compiled jquery_ujs.js  (0ms)  (pid 2359)
Compiled static_pages.js  (228ms)  (pid 2359)
Compiled users.js  (141ms)  (pid 2359)
Compiled application.js  (466ms)  (pid 2359)
Compiled scaffolds.css  (51ms)  (pid 2359)
Compiled static_pages.css  (2877ms)  (pid 2359)
Compiled users.css  (3ms)  (pid 2359)
Compiled application.css  (2961ms)  (pid 2359)
Compiled jquery.js  (3ms)  (pid 2359)
Compiled jquery_ujs.js  (0ms)  (pid 2359)
Compiled static_pages.js  (103ms)  (pid 2359)
Compiled users.js  (84ms)  (pid 2359)
Compiled application.js  (308ms)  (pid 2359)
Compiled scaffolds.css  (29ms)  (pid 2359)
Compiled static_pages.css  (3048ms)  (pid 2359)
Compiled users.css  (2ms)  (pid 2359)
Compiled application.css  (3114ms)  (pid 2359)
Compiled jquery.js  (3ms)  (pid 10520)
Compiled jquery_ujs.js  (0ms)  (pid 10520)
Compiled static_pages.js  (0ms)  (pid 10520)
Compiled users.js  (656ms)  (pid 10520)
Compiled application.js  (797ms)  (pid 10520)
Compiled scaffolds.css  (83ms)  (pid 10520)
Compiled static_pages.css  (3396ms)  (pid 10520)
Compiled users.css  (2ms)  (pid 10520)
Compiled application.css  (3621ms)  (pid 10520)
Compiled jquery.js  (3ms)  (pid 10520)
Compiled jquery_ujs.js  (0ms)  (pid 10520)
Compiled static_pages.js  (0ms)  (pid 10520)
Compiled users.js  (133ms)  (pid 10520)
Compiled application.js  (171ms)  (pid 10520)
Compiled scaffolds.css  (25ms)  (pid 10520)
Compiled static_pages.css  (2863ms)  (pid 10520)
Compiled users.css  (2ms)  (pid 10520)
Compiled application.css  (2917ms)  (pid 10520)
Compiled jquery.js  (3ms)  (pid 10665)
Compiled jquery_ujs.js  (0ms)  (pid 10665)
Compiled static_pages.js  (0ms)  (pid 10665)
Compiled users.js  (330ms)  (pid 10665)
Compiled application.js  (452ms)  (pid 10665)
Compiled scaffolds.css  (73ms)  (pid 10665)
Compiled static_pages.css  (2915ms)  (pid 10665)
Compiled users.css  (2ms)  (pid 10665)
Compiled application.css  (3136ms)  (pid 10665)
Compiled jquery.js  (3ms)  (pid 10665)
Compiled jquery_ujs.js  (0ms)  (pid 10665)
Compiled static_pages.js  (0ms)  (pid 10665)
Compiled users.js  (152ms)  (pid 10665)
Compiled application.js  (194ms)  (pid 10665)
Compiled scaffolds.css  (107ms)  (pid 10665)
Compiled static_pages.css  (2926ms)  (pid 10665)
Compiled users.css  (2ms)  (pid 10665)
Compiled application.css  (3066ms)  (pid 10665)
